build/app/intermediates/manifest_merge_blame_file/debug/manifest-merger-blame-debug-report.txt
1<?xml version="1.0" encoding="utf-8"?>
2<manifest xmlns:android="http://schemas.android.com/apk/res/android"
3    package="com.use.mbc_mobile"
4    android:versionCode="5"
5    android:versionName="1.2.0" >
6
7    <uses-sdk
8        android:minSdkVersion="21"
9        android:targetSdkVersion="31" />
10    <!--
11         Flutter needs it to communicate with the running application
12         to allow setting breakpoints, to provide hot reload, etc.
13    -->
14    <uses-permission android:name="android.permission.INTERNET" />
14-->src/main/AndroidManifest.xml:4:5-66
14-->src/main/AndroidManifest.xml:4:22-64
15    <uses-permission android:name="android.permission.READ_EXTERNAL_STORAGE" />
15-->src/main/AndroidManifest.xml:5:5-80
15-->src/main/AndroidManifest.xml:5:22-77
16    <uses-permission android:name="android.permission.WRITE_EXTERNAL_STORAGE" /> <!-- <uses-permission android:name="android.permission.MANAGE_EXTERNAL_STORAGE"/> -->
16-->src/main/AndroidManifest.xml:6:5-81
16-->src/main/AndroidManifest.xml:6:22-78
17    <uses-permission android:name="android.permission.CAMERA" />
17-->src/main/AndroidManifest.xml:8:5-64
17-->src/main/AndroidManifest.xml:8:22-62
18    <uses-permission android:name="android.permission.QUERY_ALL_PACKAGES" /> <!-- Nest within the manifest element, not the application element -->
18-->src/main/AndroidManifest.xml:10:5-76
18-->src/main/AndroidManifest.xml:10:22-74
19    <queries>
19-->src/main/AndroidManifest.xml:12:5-25:15
20        <intent>
20-->src/main/AndroidManifest.xml:13:9-16:18
21            <action android:name="android.intent.action.VIEW" />
21-->src/main/AndroidManifest.xml:14:13-65
21-->src/main/AndroidManifest.xml:14:21-62
22
23            <data android:scheme="https" />
23-->src/main/AndroidManifest.xml:15:13-44
23-->src/main/AndroidManifest.xml:15:19-41
24        </intent>
25        <intent>
25-->src/main/AndroidManifest.xml:17:9-20:18
26            <action android:name="android.intent.action.DIAL" />
26-->src/main/AndroidManifest.xml:18:13-65
26-->src/main/AndroidManifest.xml:18:21-62
27
28            <data android:scheme="tel" />
28-->src/main/AndroidManifest.xml:15:13-44
28-->src/main/AndroidManifest.xml:15:19-41
29        </intent>
30        <intent>
30-->src/main/AndroidManifest.xml:21:9-24:18
31            <action android:name="android.intent.action.SEND" />
31-->src/main/AndroidManifest.xml:22:13-65
31-->src/main/AndroidManifest.xml:22:21-62
32
33            <data android:mimeType="*/*" />
33-->src/main/AndroidManifest.xml:15:13-44
34        </intent>
35    </queries>
36
37    <uses-permission android:name="android.permission.ACCESS_NETWORK_STATE" />
37-->[:firebase_analytics] AndroidManifest.xml:7:5-79
37-->[:firebase_analytics] AndroidManifest.xml:7:22-76
38    <uses-permission android:name="android.permission.WAKE_LOCK" /> <!-- Permissions options for the `notification` group -->
38-->[:firebase_analytics] AndroidManifest.xml:9:5-68
38-->[:firebase_analytics] AndroidManifest.xml:9:22-65
39    <uses-permission android:name="android.permission.POST_NOTIFICATIONS" />
39-->[:firebase_messaging] AndroidManifest.xml:11:5-77
39-->[:firebase_messaging] AndroidManifest.xml:11:22-74
40    <uses-permission android:name="android.permission.RECEIVE_BOOT_COMPLETED" />
40-->[:flutter_local_notifications] AndroidManifest.xml:7:5-81
40-->[:flutter_local_notifications] AndroidManifest.xml:7:22-78
41    <uses-permission android:name="android.permission.VIBRATE" />
41-->[:flutter_local_notifications] AndroidManifest.xml:8:5-66
41-->[:flutter_local_notifications] AndroidManifest.xml:8:22-63
42    <uses-permission android:name="android.permission.USE_FULL_SCREEN_INTENT" />
42-->[:flutter_local_notifications] AndroidManifest.xml:9:5-81
42-->[:flutter_local_notifications] AndroidManifest.xml:9:22-78
43    <uses-permission android:name="android.permission.SCHEDULE_EXACT_ALARM" /> <!-- Required by older versions of Google Play services to create IID tokens -->
43-->[:flutter_local_notifications] AndroidManifest.xml:10:5-79
43-->[:flutter_local_notifications] AndroidManifest.xml:10:22-76
44    <uses-permission android:name="com.google.android.c2dm.permission.RECEIVE" />
44-->[com.google.firebase:firebase-messaging:23.0.8] AndroidManifest.xml:29:5-82
44-->[com.google.firebase:firebase-messaging:23.0.8] AndroidManifest.xml:29:22-79
45    <uses-permission android:name="com.google.android.gms.permission.AD_ID" />
45-->[com.google.android.gms:play-services-measurement-api:21.1.1] AndroidManifest.xml:25:5-79
45-->[com.google.android.gms:play-services-measurement-api:21.1.1] AndroidManifest.xml:25:22-76
46    <uses-permission android:name="com.google.android.finsky.permission.BIND_GET_INSTALL_REFERRER_SERVICE" />
46-->[com.google.android.gms:play-services-measurement:21.1.1] AndroidManifest.xml:26:5-110
46-->[com.google.android.gms:play-services-measurement:21.1.1] AndroidManifest.xml:26:22-107
47
48    <application
48-->src/main/AndroidManifest.xml:26:5-78:19
49        android:appComponentFactory="androidx.core.app.CoreComponentFactory"
49-->[androidx.core:core:1.6.0] AndroidManifest.xml:24:18-86
50        android:debuggable="true"
51        android:icon="@mipmap/logo"
51-->src/main/AndroidManifest.xml:28:9-36
52        android:label="MBC Mobile" >
52-->src/main/AndroidManifest.xml:27:9-35
53        <activity
53-->src/main/AndroidManifest.xml:29:8-66:20
54            android:name="com.use.mbc_mobile.MainActivity"
54-->src/main/AndroidManifest.xml:30:13-41
55            android:configChanges="orientation|keyboardHidden|keyboard|screenSize|smallestScreenSize|locale|layoutDirection|fontScale|screenLayout|density|uiMode"
55-->src/main/AndroidManifest.xml:33:13-163
56            android:exported="true"
56-->src/main/AndroidManifest.xml:35:13-36
57            android:hardwareAccelerated="true"
57-->src/main/AndroidManifest.xml:34:13-47
58            android:launchMode="singleTop"
58-->src/main/AndroidManifest.xml:31:13-43
59            android:theme="@style/LaunchTheme"
59-->src/main/AndroidManifest.xml:32:13-47
60            android:windowSoftInputMode="adjustResize" >
60-->src/main/AndroidManifest.xml:36:13-55
61
62            <!--
63                 Specifies an Android theme to apply to this Activity as soon as
64                 the Android process has started. This theme is visible to the user
65                 while the Flutter UI initializes. After that, this theme continues
66                 to determine the Window background behind the Flutter UI.
67            -->
68            <meta-data
68-->src/main/AndroidManifest.xml:41:13-44:17
69                android:name="io.flutter.embedding.android.NormalTheme"
69-->src/main/AndroidManifest.xml:42:15-70
70                android:resource="@style/NormalTheme" />
70-->src/main/AndroidManifest.xml:43:15-52
71            <!--
72                 Displays an Android View that continues showing the launch screen
73                 Drawable until Flutter paints its first frame, then this splash
74                 screen fades out. A splash screen is useful to avoid any visual
75                 gap between the end of Android's launch screen and the painting of
76                 Flutter's first frame.
77            -->
78            <meta-data
78-->src/main/AndroidManifest.xml:50:13-53:17
79                android:name="io.flutter.embedding.android.SplashScreenDrawable"
79-->src/main/AndroidManifest.xml:51:15-79
80                android:resource="@drawable/launch_background" />
80-->src/main/AndroidManifest.xml:52:15-61
81
82            <intent-filter>
82-->src/main/AndroidManifest.xml:54:13-57:29
83                <action android:name="android.intent.action.MAIN" />
83-->src/main/AndroidManifest.xml:55:17-68
83-->src/main/AndroidManifest.xml:55:25-66
84
85                <category android:name="android.intent.category.LAUNCHER" />
85-->src/main/AndroidManifest.xml:56:17-76
85-->src/main/AndroidManifest.xml:56:27-74
86            </intent-filter>
87            <intent-filter>
87-->src/main/AndroidManifest.xml:58:13-61:29
88                <action android:name="FLUTTER_NOTIFICATION_CLICK" />
88-->src/main/AndroidManifest.xml:59:17-68
88-->src/main/AndroidManifest.xml:59:25-66
89
90                <category android:name="android.intent.category.DEFAULT" />
90-->src/main/AndroidManifest.xml:60:17-75
90-->src/main/AndroidManifest.xml:60:27-73
91            </intent-filter>
92
93            <meta-data
93-->src/main/AndroidManifest.xml:62:13-64:38
94                android:name="com.google.firebase.messaging.default_notification_channel_id"
94-->src/main/AndroidManifest.xml:63:17-93
95                android:value="mbc" />
95-->src/main/AndroidManifest.xml:64:17-36
96        </activity>
97        <!--
98             Don't delete the meta-data below.
99             This is used by the Flutter tool to generate GeneratedPluginRegistrant.java
100        -->
101        <meta-data
101-->src/main/AndroidManifest.xml:69:9-71:33
102            android:name="flutterEmbedding"
102-->src/main/AndroidManifest.xml:70:13-44
103            android:value="2" />
103-->src/main/AndroidManifest.xml:71:13-30
104
105        <activity
105-->src/main/AndroidManifest.xml:73:9-76:70
106            android:name="com.yalantis.ucrop.UCropActivity"
106-->src/main/AndroidManifest.xml:74:12-59
107            android:screenOrientation="portrait"
107-->src/main/AndroidManifest.xml:75:12-48
108            android:theme="@style/Theme.AppCompat.Light.NoActionBar" />
108-->src/main/AndroidManifest.xml:76:12-68
109
110        <service
110-->[:firebase_analytics] AndroidManifest.xml:12:9-16:19
111            android:name="com.google.firebase.components.ComponentDiscoveryService"
111-->[:firebase_analytics] AndroidManifest.xml:12:18-89
112            android:directBootAware="true"
112-->[com.google.firebase:firebase-common:20.1.2] AndroidManifest.xml:35:13-43
113            android:exported="false" >
113-->[com.google.firebase:firebase-messaging:23.0.8] AndroidManifest.xml:55:13-37
114            <meta-data
114-->[:firebase_analytics] AndroidManifest.xml:13:13-15:85
115                android:name="com.google.firebase.components:io.flutter.plugins.firebase.analytics.FlutterFirebaseAppRegistrar"
115-->[:firebase_analytics] AndroidManifest.xml:14:17-128
116                android:value="com.google.firebase.components.ComponentRegistrar" />
116-->[:firebase_analytics] AndroidManifest.xml:15:17-82
117            <meta-data
117-->[:firebase_messaging] AndroidManifest.xml:36:13-38:85
118                android:name="com.google.firebase.components:io.flutter.plugins.firebase.messaging.FlutterFirebaseAppRegistrar"
118-->[:firebase_messaging] AndroidManifest.xml:37:17-128
119                android:value="com.google.firebase.components.ComponentRegistrar" />
119-->[:firebase_messaging] AndroidManifest.xml:38:17-82
120            <meta-data
120-->[:firebase_core] AndroidManifest.xml:9:13-11:85
121                android:name="com.google.firebase.components:io.flutter.plugins.firebase.core.FlutterFirebaseCoreRegistrar"
121-->[:firebase_core] AndroidManifest.xml:10:17-124
122                android:value="com.google.firebase.components.ComponentRegistrar" />
122-->[:firebase_core] AndroidManifest.xml:11:17-82
123            <meta-data
123-->[com.google.firebase:firebase-messaging:23.0.8] AndroidManifest.xml:56:13-58:85
124                android:name="com.google.firebase.components:com.google.firebase.messaging.FirebaseMessagingRegistrar"
124-->[com.google.firebase:firebase-messaging:23.0.8] AndroidManifest.xml:57:17-119
125                android:value="com.google.firebase.components.ComponentRegistrar" />
125-->[com.google.firebase:firebase-messaging:23.0.8] AndroidManifest.xml:58:17-82
126            <meta-data
126-->[com.google.firebase:firebase-datatransport:18.1.6] AndroidManifest.xml:28:13-30:85
127                android:name="com.google.firebase.components:com.google.firebase.datatransport.TransportRegistrar"
127-->[com.google.firebase:firebase-datatransport:18.1.6] AndroidManifest.xml:29:17-115
128                android:value="com.google.firebase.components.ComponentRegistrar" />
128-->[com.google.firebase:firebase-datatransport:18.1.6] AndroidManifest.xml:30:17-82
129            <meta-data
129-->[com.google.android.gms:play-services-measurement-api:21.1.1] AndroidManifest.xml:31:13-33:85
130                android:name="com.google.firebase.components:com.google.firebase.analytics.connector.internal.AnalyticsConnectorRegistrar"
130-->[com.google.android.gms:play-services-measurement-api:21.1.1] AndroidManifest.xml:32:17-139
131                android:value="com.google.firebase.components.ComponentRegistrar" />
131-->[com.google.android.gms:play-services-measurement-api:21.1.1] AndroidManifest.xml:33:17-82
132            <meta-data
132-->[com.google.firebase:firebase-installations:17.0.3] AndroidManifest.xml:18:13-20:85
133                android:name="com.google.firebase.components:com.google.firebase.installations.FirebaseInstallationsRegistrar"
133-->[com.google.firebase:firebase-installations:17.0.3] AndroidManifest.xml:19:17-127
134                android:value="com.google.firebase.components.ComponentRegistrar" />
134-->[com.google.firebase:firebase-installations:17.0.3] AndroidManifest.xml:20:17-82
135        </service>
136        <service
136-->[:firebase_messaging] AndroidManifest.xml:14:9-17:72
137            android:name="io.flutter.plugins.firebase.messaging.FlutterFirebaseMessagingBackgroundService"
137-->[:firebase_messaging] AndroidManifest.xml:15:13-107
138            android:exported="false"
138-->[:firebase_messaging] AndroidManifest.xml:16:13-37
139            android:permission="android.permission.BIND_JOB_SERVICE" />
139-->[:firebase_messaging] AndroidManifest.xml:17:13-69
140        <service
140-->[:firebase_messaging] AndroidManifest.xml:18:9-24:19
141            android:name="io.flutter.plugins.firebase.messaging.FlutterFirebaseMessagingService"
141-->[:firebase_messaging] AndroidManifest.xml:19:13-97
142            android:exported="false" >
142-->[:firebase_messaging] AndroidManifest.xml:20:13-37
143            <intent-filter>
143-->[:firebase_messaging] AndroidManifest.xml:21:13-23:29
144                <action android:name="com.google.firebase.MESSAGING_EVENT" />
144-->[:firebase_messaging] AndroidManifest.xml:22:17-78
144-->[:firebase_messaging] AndroidManifest.xml:22:25-75
145            </intent-filter>
146        </service>
147
148        <receiver
148-->[:firebase_messaging] AndroidManifest.xml:26:9-33:20
149            android:name="io.flutter.plugins.firebase.messaging.FlutterFirebaseMessagingReceiver"
149-->[:firebase_messaging] AndroidManifest.xml:27:13-98
150            android:exported="true"
150-->[:firebase_messaging] AndroidManifest.xml:28:13-36
151            android:permission="com.google.android.c2dm.permission.SEND" >
151-->[:firebase_messaging] AndroidManifest.xml:29:13-73
152            <intent-filter>
152-->[:firebase_messaging] AndroidManifest.xml:30:13-32:29
153                <action android:name="com.google.android.c2dm.intent.RECEIVE" />
153-->[:firebase_messaging] AndroidManifest.xml:31:17-81
153-->[:firebase_messaging] AndroidManifest.xml:31:25-78
154            </intent-filter>
155        </receiver>
156
157        <provider
157-->[:firebase_messaging] AndroidManifest.xml:41:9-45:38
158            android:name="io.flutter.plugins.firebase.messaging.FlutterFirebaseMessagingInitProvider"
158-->[:firebase_messaging] AndroidManifest.xml:42:13-102
159            android:authorities="com.use.mbc_mobile.flutterfirebasemessaginginitprovider"
159-->[:firebase_messaging] AndroidManifest.xml:43:13-88
160            android:exported="false"
160-->[:firebase_messaging] AndroidManifest.xml:44:13-37
161            android:initOrder="99" />
161-->[:firebase_messaging] AndroidManifest.xml:45:13-35
162        <provider
162-->[:image_picker] AndroidManifest.xml:8:9-16:20
163            android:name="io.flutter.plugins.imagepicker.ImagePickerFileProvider"
163-->[:image_picker] AndroidManifest.xml:9:13-82
164            android:authorities="com.use.mbc_mobile.flutter.image_provider"
164-->[:image_picker] AndroidManifest.xml:10:13-74
165            android:exported="false"
165-->[:image_picker] AndroidManifest.xml:11:13-37
166            android:grantUriPermissions="true" >
166-->[:image_picker] AndroidManifest.xml:12:13-47
167            <meta-data
167-->[:image_picker] AndroidManifest.xml:13:13-15:75
168                android:name="android.support.FILE_PROVIDER_PATHS"
168-->[:image_picker] AndroidManifest.xml:14:17-67
169                android:resource="@xml/flutter_image_picker_file_paths" />
169-->[:image_picker] AndroidManifest.xml:15:17-72
170        </provider>
171
172        <receiver
172-->[:flutter_local_notifications] AndroidManifest.xml:14:9-16:40
173            android:name="com.dexterous.flutterlocalnotifications.ScheduledNotificationReceiver"
173-->[:flutter_local_notifications] AndroidManifest.xml:15:13-97
174            android:exported="false" />
174-->[:flutter_local_notifications] AndroidManifest.xml:16:13-37
175        <receiver
175-->[:flutter_local_notifications] AndroidManifest.xml:17:9-26:20
176            android:name="com.dexterous.flutterlocalnotifications.ScheduledNotificationBootReceiver"
176-->[:flutter_local_notifications] AndroidManifest.xml:18:13-101
177            android:exported="false" >
177-->[:flutter_local_notifications] AndroidManifest.xml:19:13-37
178            <intent-filter>
178-->[:flutter_local_notifications] AndroidManifest.xml:20:13-25:29
179                <action android:name="android.intent.action.BOOT_COMPLETED" />
179-->[:flutter_local_notifications] AndroidManifest.xml:21:17-79
179-->[:flutter_local_notifications] AndroidManifest.xml:21:25-76
180                <action android:name="android.intent.action.MY_PACKAGE_REPLACED" />
180-->[:flutter_local_notifications] AndroidManifest.xml:22:17-84
180-->[:flutter_local_notifications] AndroidManifest.xml:22:25-81
181                <action android:name="android.intent.action.QUICKBOOT_POWERON" />
181-->[:flutter_local_notifications] AndroidManifest.xml:23:17-82
181-->[:flutter_local_notifications] AndroidManifest.xml:23:25-79
182                <action android:name="com.htc.intent.action.QUICKBOOT_POWERON" />
182-->[:flutter_local_notifications] AndroidManifest.xml:24:17-82
182-->[:flutter_local_notifications] AndroidManifest.xml:24:25-79
183            </intent-filter>
184        </receiver>
185
186        <activity
186-->[:url_launcher_android] AndroidManifest.xml:8:9-11:74
187            android:name="io.flutter.plugins.urllauncher.WebViewActivity"
187-->[:url_launcher_android] AndroidManifest.xml:9:13-74
188            android:exported="false"
188-->[:url_launcher_android] AndroidManifest.xml:10:13-37
189            android:theme="@android:style/Theme.NoTitleBar.Fullscreen" />
189-->[:url_launcher_android] AndroidManifest.xml:11:13-71
190
191        <uses-library
191-->[androidx.window:window:1.0.0-beta04] AndroidManifest.xml:25:9-27:40
192            android:name="androidx.window.extensions"
192-->[androidx.window:window:1.0.0-beta04] AndroidManifest.xml:26:13-54
193            android:required="false" />
193-->[androidx.window:window:1.0.0-beta04] AndroidManifest.xml:27:13-37
194        <uses-library
194-->[androidx.window:window:1.0.0-beta04] AndroidManifest.xml:28:9-30:40
195            android:name="androidx.window.sidecar"
195-->[androidx.window:window:1.0.0-beta04] AndroidManifest.xml:29:13-51
196            android:required="false" />
196-->[androidx.window:window:1.0.0-beta04] AndroidManifest.xml:30:13-37
197
198        <receiver
198-->[com.google.firebase:firebase-messaging:23.0.8] AndroidManifest.xml:32:9-39:20
199            android:name="com.google.firebase.iid.FirebaseInstanceIdReceiver"
199-->[com.google.firebase:firebase-messaging:23.0.8] AndroidManifest.xml:33:13-78
200            android:exported="true"
200-->[com.google.firebase:firebase-messaging:23.0.8] AndroidManifest.xml:34:13-36
201            android:permission="com.google.android.c2dm.permission.SEND" >
201-->[com.google.firebase:firebase-messaging:23.0.8] AndroidManifest.xml:35:13-73
202            <intent-filter>
202-->[:firebase_messaging] AndroidManifest.xml:30:13-32:29
203                <action android:name="com.google.android.c2dm.intent.RECEIVE" />
203-->[:firebase_messaging] AndroidManifest.xml:31:17-81
203-->[:firebase_messaging] AndroidManifest.xml:31:25-78
204            </intent-filter>
205        </receiver>
206        <!--
207             FirebaseMessagingService performs security checks at runtime,
208             but set to not exported to explicitly avoid allowing another app to call it.
209        -->
210        <service
210-->[com.google.firebase:firebase-messaging:23.0.8] AndroidManifest.xml:45:9-52:19
211            android:name="com.google.firebase.messaging.FirebaseMessagingService"
211-->[com.google.firebase:firebase-messaging:23.0.8] AndroidManifest.xml:46:13-82
212            android:directBootAware="true"
212-->[com.google.firebase:firebase-messaging:23.0.8] AndroidManifest.xml:47:13-43
213            android:exported="false" >
213-->[com.google.firebase:firebase-messaging:23.0.8] AndroidManifest.xml:48:13-37
214            <intent-filter android:priority="-500" >
214-->[:firebase_messaging] AndroidManifest.xml:21:13-23:29
215                <action android:name="com.google.firebase.MESSAGING_EVENT" />
215-->[:firebase_messaging] AndroidManifest.xml:22:17-78
215-->[:firebase_messaging] AndroidManifest.xml:22:25-75
216            </intent-filter>
217        </service>
218        <service
218-->[com.google.android.datatransport:transport-backend-cct:3.1.7] AndroidManifest.xml:29:9-35:19
219            android:name="com.google.android.datatransport.runtime.backends.TransportBackendDiscovery"
219-->[com.google.android.datatransport:transport-backend-cct:3.1.7] AndroidManifest.xml:30:13-103
220            android:exported="false" >
220-->[com.google.android.datatransport:transport-backend-cct:3.1.7] AndroidManifest.xml:31:13-37
221            <meta-data
221-->[com.google.android.datatransport:transport-backend-cct:3.1.7] AndroidManifest.xml:32:13-34:39
222                android:name="backend:com.google.android.datatransport.cct.CctBackendFactory"
222-->[com.google.android.datatransport:transport-backend-cct:3.1.7] AndroidManifest.xml:33:17-94
223                android:value="cct" />
223-->[com.google.android.datatransport:transport-backend-cct:3.1.7] AndroidManifest.xml:34:17-36
224        </service>
225        <service
225-->[com.google.android.datatransport:transport-runtime:3.1.7] AndroidManifest.xml:26:9-30:19
226            android:name="com.google.android.datatransport.runtime.scheduling.jobscheduling.JobInfoSchedulerService"
226-->[com.google.android.datatransport:transport-runtime:3.1.7] AndroidManifest.xml:27:13-117
227            android:exported="false"
227-->[com.google.android.datatransport:transport-runtime:3.1.7] AndroidManifest.xml:28:13-37
228            android:permission="android.permission.BIND_JOB_SERVICE" >
228-->[com.google.android.datatransport:transport-runtime:3.1.7] AndroidManifest.xml:29:13-69
229        </service>
230
231        <receiver
231-->[com.google.android.datatransport:transport-runtime:3.1.7] AndroidManifest.xml:32:9-34:40
232            android:name="com.google.android.datatransport.runtime.scheduling.jobscheduling.AlarmManagerSchedulerBroadcastReceiver"
232-->[com.google.android.datatransport:transport-runtime:3.1.7] AndroidManifest.xml:33:13-132
233            android:exported="false" />
233-->[com.google.android.datatransport:transport-runtime:3.1.7] AndroidManifest.xml:34:13-37
234
235        <provider
235-->[com.google.firebase:firebase-common:20.1.2] AndroidManifest.xml:26:9-31:39
236            android:name="com.google.firebase.provider.FirebaseInitProvider"
236-->[com.google.firebase:firebase-common:20.1.2] AndroidManifest.xml:27:13-77
237            android:authorities="com.use.mbc_mobile.firebaseinitprovider"
237-->[com.google.firebase:firebase-common:20.1.2] AndroidManifest.xml:28:13-72
238            android:directBootAware="true"
238-->[com.google.firebase:firebase-common:20.1.2] AndroidManifest.xml:29:13-43
239            android:exported="false"
239-->[com.google.firebase:firebase-common:20.1.2] AndroidManifest.xml:30:13-37
240            android:initOrder="100" />
240-->[com.google.firebase:firebase-common:20.1.2] AndroidManifest.xml:31:13-36
241
242        <receiver
242-->[com.google.android.gms:play-services-measurement:21.1.1] AndroidManifest.xml:29:9-33:20
243            android:name="com.google.android.gms.measurement.AppMeasurementReceiver"
243-->[com.google.android.gms:play-services-measurement:21.1.1] AndroidManifest.xml:30:13-85
244            android:enabled="true"
244-->[com.google.android.gms:play-services-measurement:21.1.1] AndroidManifest.xml:31:13-35
245            android:exported="false" >
245-->[com.google.android.gms:play-services-measurement:21.1.1] AndroidManifest.xml:32:13-37
246        </receiver>
247
248        <service
248-->[com.google.android.gms:play-services-measurement:21.1.1] AndroidManifest.xml:35:9-38:40
249            android:name="com.google.android.gms.measurement.AppMeasurementService"
249-->[com.google.android.gms:play-services-measurement:21.1.1] AndroidManifest.xml:36:13-84
250            android:enabled="true"
250-->[com.google.android.gms:play-services-measurement:21.1.1] AndroidManifest.xml:37:13-35
251            android:exported="false" />
251-->[com.google.android.gms:play-services-measurement:21.1.1] AndroidManifest.xml:38:13-37
252        <service
252-->[com.google.android.gms:play-services-measurement:21.1.1] AndroidManifest.xml:39:9-43:72
253            android:name="com.google.android.gms.measurement.AppMeasurementJobService"
253-->[com.google.android.gms:play-services-measurement:21.1.1] AndroidManifest.xml:40:13-87
254            android:enabled="true"
254-->[com.google.android.gms:play-services-measurement:21.1.1] AndroidManifest.xml:41:13-35
255            android:exported="false"
255-->[com.google.android.gms:play-services-measurement:21.1.1] AndroidManifest.xml:42:13-37
256            android:permission="android.permission.BIND_JOB_SERVICE" />
256-->[com.google.android.gms:play-services-measurement:21.1.1] AndroidManifest.xml:43:13-69
257
258        <activity
258-->[com.google.android.gms:play-services-base:18.0.1] AndroidManifest.xml:20:9-22:45
259            android:name="com.google.android.gms.common.api.GoogleApiActivity"
259-->[com.google.android.gms:play-services-base:18.0.1] AndroidManifest.xml:20:19-85
260            android:exported="false"
260-->[com.google.android.gms:play-services-base:18.0.1] AndroidManifest.xml:22:19-43
261            android:theme="@android:style/Theme.Translucent.NoTitleBar" />
261-->[com.google.android.gms:play-services-base:18.0.1] AndroidManifest.xml:21:19-78
262
263        <meta-data
263-->[com.google.android.gms:play-services-basement:18.1.0] AndroidManifest.xml:21:9-23:69
264            android:name="com.google.android.gms.version"
264-->[com.google.android.gms:play-services-basement:18.1.0] AndroidManifest.xml:22:13-58
265            android:value="@integer/google_play_services_version" />
265-->[com.google.android.gms:play-services-basement:18.1.0] AndroidManifest.xml:23:13-66
266    </application>
267
268</manifest>